<?xml version="1.0" encoding="UTF-8"?>
<testsuite name="PortalBanistmo" tests="1" skipped="0" failures="0" errors="0" timestamp="2023-02-17T00:05:05" hostname="HNL-WIN25" time="28.703">
  <properties/>
  <testcase name="Ir a portal de banistmo y descargar pdf" classname="PortalBanistmo" time="28.703"/>
  <system-out><![CDATA[]]></system-out>
  <system-err><![CDATA[[Test worker] WARN net.thucydides.core.steps.BaseStepListener - stepStarted: net.thucydides.core.steps.ExecutedStepDescription@32934295
[Test worker] WARN net.thucydides.core.steps.BaseStepListener - stepStarted: net.thucydides.core.steps.ExecutedStepDescription@197ab32b
[Test worker] WARN net.thucydides.core.steps.BaseStepListener - stepStarted: net.thucydides.core.steps.ExecutedStepDescription@259184f8
feb 16, 2023 7:05:07 PM org.openqa.selenium.remote.DesiredCapabilities chrome
INFORMACIÓN: Using `new ChromeOptions()` is preferred to `DesiredCapabilities.chrome()`
[Test worker] INFO net.serenitybdd.core.webdriver.driverproviders.ProvideNewDriver - Instantiating driver
[Test worker] INFO net.serenitybdd.core.webdriver.driverproviders.ProvideNewDriver - Driver capabilities: Capabilities {acceptInsecureCerts: false, browserName: chrome, chrome.switches: --start-maximized, goog:chromeOptions: {args: [--start-maximized], extensions: []}, loggingPrefs: org.openqa.selenium.logging..., platform: ANY, version: }
Starting ChromeDriver 110.0.5481.77 (65ed616c6e8ee3fe0ad64fe83796c020644d42af-refs/branch-heads/5481@{#839}) on port 5661
Only local connections are allowed.
Please see https://chromedriver.chromium.org/security-considerations for suggestions on keeping ChromeDriver safe.
ChromeDriver was started successfully.
[1676592311.729][WARNING]: virtual void DevToolsClientImpl::AddListener(DevToolsEventListener *) subscribing a listener to the already connected DevToolsClient. Connection notification will not arrive.
feb 16, 2023 7:05:12 PM org.openqa.selenium.remote.ProtocolHandshake createSession
INFORMACIÓN: Detected dialect: W3C
[Test worker] WARN net.thucydides.core.steps.BaseStepListener - stepFinished: current outcome:Ir a portal de banistmo y descargar pdf:Given el usuario ingresa a la pagina del portal de banistmo [Usuario home page [usuario opens the Paginatest]]
[Test worker] WARN net.thucydides.core.steps.BaseStepListener - stepFinished: current outcome:Ir a portal de banistmo y descargar pdf:Given el usuario ingresa a la pagina del portal de banistmo [Usuario home page [usuario opens the Paginatest]]
[Test worker] WARN net.thucydides.core.steps.BaseStepListener - stepFinished: current outcome:Ir a portal de banistmo y descargar pdf:Given el usuario ingresa a la pagina del portal de banistmo [Usuario home page [usuario opens the Paginatest]]
[Test worker] WARN net.thucydides.core.steps.BaseStepListener - stepStarted: net.thucydides.core.steps.ExecutedStepDescription@7ad84ea6
[Test worker] WARN net.thucydides.core.steps.BaseStepListener - stepStarted: net.thucydides.core.steps.ExecutedStepDescription@18d10557
[Test worker] WARN net.thucydides.core.steps.BaseStepListener - stepStarted: net.thucydides.core.steps.ExecutedStepDescription@215e2aee
[Test worker] WARN net.thucydides.core.steps.BaseStepListener - stepFinished: current outcome:Ir a portal de banistmo y descargar pdf:Given el usuario ingresa a la pagina del portal de banistmo [Usuario home page [usuario opens the Paginatest]], When el puede descargar el archivo pdf [Usuario steps [usuario clicks on boton cookies]]
[Test worker] WARN net.thucydides.core.steps.BaseStepListener - stepStarted: net.thucydides.core.steps.ExecutedStepDescription@5d2b92f6
[Test worker] WARN net.thucydides.core.steps.BaseStepListener - stepFinished: current outcome:Ir a portal de banistmo y descargar pdf:Given el usuario ingresa a la pagina del portal de banistmo [Usuario home page [usuario opens the Paginatest]], When el puede descargar el archivo pdf [Usuario steps [usuario clicks on boton cookies, usuario clicks on boton de identificacion aprender facil ]]
[Test worker] WARN net.thucydides.core.steps.BaseStepListener - stepStarted: net.thucydides.core.steps.ExecutedStepDescription@5ba5c153
[Test worker] WARN net.thucydides.core.steps.BaseStepListener - stepFinished: current outcome:Ir a portal de banistmo y descargar pdf:Given el usuario ingresa a la pagina del portal de banistmo [Usuario home page [usuario opens the Paginatest]], When el puede descargar el archivo pdf [Usuario steps [usuario clicks on boton cookies, usuario clicks on boton de identificacion aprender facil , usuario clicks on boton de identificacion legal]]
[Test worker] WARN net.thucydides.core.steps.BaseStepListener - stepStarted: net.thucydides.core.steps.ExecutedStepDescription@f3eddbd
[Test worker] WARN net.thucydides.core.steps.BaseStepListener - stepFinished: current outcome:Ir a portal de banistmo y descargar pdf:Given el usuario ingresa a la pagina del portal de banistmo [Usuario home page [usuario opens the Paginatest]], When el puede descargar el archivo pdf [Usuario steps [usuario clicks on boton cookies, usuario clicks on boton de identificacion aprender facil , usuario clicks on boton de identificacion legal, usuario clicks on boton de identificacion Fatca y Crs]]
[Test worker] WARN net.thucydides.core.steps.BaseStepListener - stepStarted: net.thucydides.core.steps.ExecutedStepDescription@24f5e38c
[Test worker] WARN net.thucydides.core.steps.BaseStepListener - stepFinished: current outcome:Ir a portal de banistmo y descargar pdf:Given el usuario ingresa a la pagina del portal de banistmo [Usuario home page [usuario opens the Paginatest]], When el puede descargar el archivo pdf [Usuario steps [usuario clicks on boton cookies, usuario clicks on boton de identificacion aprender facil , usuario clicks on boton de identificacion legal, usuario clicks on boton de identificacion Fatca y Crs, usuario clicks on Documentos]]
[Test worker] WARN net.thucydides.core.steps.BaseStepListener - stepFinished: current outcome:Ir a portal de banistmo y descargar pdf:Given el usuario ingresa a la pagina del portal de banistmo [Usuario home page [usuario opens the Paginatest]], When el puede descargar el archivo pdf [Usuario steps [usuario clicks on boton cookies, usuario clicks on boton de identificacion aprender facil , usuario clicks on boton de identificacion legal, usuario clicks on boton de identificacion Fatca y Crs, usuario clicks on Documentos]]
[Test worker] WARN net.thucydides.core.steps.BaseStepListener - stepFinished: current outcome:Ir a portal de banistmo y descargar pdf:Given el usuario ingresa a la pagina del portal de banistmo [Usuario home page [usuario opens the Paginatest]], When el puede descargar el archivo pdf [Usuario steps [usuario clicks on boton cookies, usuario clicks on boton de identificacion aprender facil , usuario clicks on boton de identificacion legal, usuario clicks on boton de identificacion Fatca y Crs, usuario clicks on Documentos]]
[Test worker] WARN net.thucydides.core.steps.BaseStepListener - stepStarted: net.thucydides.core.steps.ExecutedStepDescription@72d6fb40
[Test worker] WARN net.thucydides.core.steps.BaseStepListener - stepFinished: current outcome:Ir a portal de banistmo y descargar pdf:Given el usuario ingresa a la pagina del portal de banistmo [Usuario home page [usuario opens the Paginatest]], When el puede descargar el archivo pdf [Usuario steps [usuario clicks on boton cookies, usuario clicks on boton de identificacion aprender facil , usuario clicks on boton de identificacion legal, usuario clicks on boton de identificacion Fatca y Crs, usuario clicks on Documentos]], Then valida que si se descargo correctamente
[Test worker] WARN net.thucydides.core.steps.BaseStepListener - testFinished: Ir a portal de banistmo y descargar pdf:Given el usuario ingresa a la pagina del portal de banistmo [Usuario home page [usuario opens the Paginatest]], When el puede descargar el archivo pdf [Usuario steps [usuario clicks on boton cookies, usuario clicks on boton de identificacion aprender facil , usuario clicks on boton de identificacion legal, usuario clicks on boton de identificacion Fatca y Crs, usuario clicks on Documentos]], Then valida que si se descargo correctamente
[Test worker] WARN net.thucydides.core.steps.BaseStepListener - TestOutcomes: [Ir a portal de banistmo y descargar pdf:Given el usuario ingresa a la pagina del portal de banistmo [Usuario home page [usuario opens the Paginatest]], When el puede descargar el archivo pdf [Usuario steps [usuario clicks on boton cookies, usuario clicks on boton de identificacion aprender facil , usuario clicks on boton de identificacion legal, usuario clicks on boton de identificacion Fatca y Crs, usuario clicks on Documentos]], Then valida que si se descargo correctamente]
[Test worker] WARN net.thucydides.core.steps.BaseStepListener - Final testOutcomes: [Ir a portal de banistmo y descargar pdf:Given el usuario ingresa a la pagina del portal de banistmo [Usuario home page [usuario opens the Paginatest]], When el puede descargar el archivo pdf [Usuario steps [usuario clicks on boton cookies, usuario clicks on boton de identificacion aprender facil , usuario clicks on boton de identificacion legal, usuario clicks on boton de identificacion Fatca y Crs, usuario clicks on Documentos]], Then valida que si se descargo correctamente]
[Test worker] INFO net.thucydides.core.steps.ConsoleLoggingListener - 
        __    _____ _____ ____ _____   ____   _    ____  ____  _____ ____  
  _     \ \  |_   _| ____/ ___|_   _| |  _ \ / \  / ___|/ ___|| ____|  _ \ 
 (_)_____| |   | | |  _| \___ \ | |   | |_) / _ \ \___ \\___ \|  _| | | | |
  _|_____| |   | | | |___ ___) || |   |  __/ ___ \ ___) |___) | |___| |_| |
 (_)     | |   |_| |_____|____/ |_|   |_| /_/   \_\____/|____/|_____|____/ 
        /_/                                                                

TEST PASSED: Ir a portal de banistmo y descargar pdf
----------------------------------------------------------------------------
]]></system-err>
</testsuite>
